Determining if the pthread_create exist failed with the following output:
Change Dir: /home/gyc/catkin_ws_lidar_slam/build_isolated/rplidar_ros/CMakeFiles/CMakeTmp

Run Build Command:"/usr/bin/make" "cmTC_58025/fast"
/usr/bin/make -f CMakeFiles/cmTC_58025.dir/build.make CMakeFiles/cmTC_58025.dir/build
make[1]: 进入目录“/home/gyc/catkin_ws_lidar_slam/build_isolated/rplidar_ros/CMakeFiles/CMakeTmp”
Building C object CMakeFiles/cmTC_58025.dir/CheckSymbolExists.c.o
/usr/bin/cc    -o CMakeFiles/cmTC_58025.dir/CheckSymbolExists.c.o   -c /home/gyc/catkin_ws_lidar_slam/build_isolated/rplidar_ros/CMakeFiles/CMakeTmp/CheckSymbolExists.c
Linking C executable cmTC_58025
/usr/bin/cmake -E cmake_link_script CMakeFiles/cmTC_58025.dir/link.txt --verbose=1
/usr/bin/cc      -rdynamic CMakeFiles/cmTC_58025.dir/CheckSymbolExists.c.o  -o cmTC_58025 
CMakeFiles/cmTC_58025.dir/CheckSymbolExists.c.o：在函数‘main’中：
CheckSymbolExists.c:(.text+0x1b)：对‘pthread_create’未定义的引用
collect2: error: ld returned 1 exit status
CMakeFiles/cmTC_58025.dir/build.make:97: recipe for target 'cmTC_58025' failed
make[1]: *** [cmTC_58025] Error 1
make[1]: 离开目录“/home/gyc/catkin_ws_lidar_slam/build_isolated/rplidar_ros/CMakeFiles/CMakeTmp”
Makefile:126: recipe for target 'cmTC_58025/fast' failed
make: *** [cmTC_58025/fast] Error 2

File /home/gyc/catkin_ws_lidar_slam/build_isolated/rplidar_ros/CMakeFiles/CMakeTmp/CheckSymbolExists.c:
/* */
#include <pthread.h>

int main(int argc, char** argv)
{
  (void)argv;
#ifndef pthread_create
  return ((int*)(&pthread_create))[argc];
#else
  (void)argc;
  return 0;
#endif
}

Determining if the function pthread_create exists in the pthreads failed with the following output:
Change Dir: /home/gyc/catkin_ws_lidar_slam/build_isolated/rplidar_ros/CMakeFiles/CMakeTmp

Run Build Command:"/usr/bin/make" "cmTC_46eab/fast"
/usr/bin/make -f CMakeFiles/cmTC_46eab.dir/build.make CMakeFiles/cmTC_46eab.dir/build
make[1]: 进入目录“/home/gyc/catkin_ws_lidar_slam/build_isolated/rplidar_ros/CMakeFiles/CMakeTmp”
Building C object CMakeFiles/cmTC_46eab.dir/CheckFunctionExists.c.o
/usr/bin/cc   -DCHECK_FUNCTION_EXISTS=pthread_create   -o CMakeFiles/cmTC_46eab.dir/CheckFunctionExists.c.o   -c /usr/share/cmake-3.10/Modules/CheckFunctionExists.c
Linking C executable cmTC_46eab
/usr/bin/cmake -E cmake_link_script CMakeFiles/cmTC_46eab.dir/link.txt --verbose=1
/usr/bin/cc  -DCHECK_FUNCTION_EXISTS=pthread_create    -rdynamic CMakeFiles/cmTC_46eab.dir/CheckFunctionExists.c.o  -o cmTC_46eab -lpthreads 
/usr/bin/ld: 找不到 -lpthreads
collect2: error: ld returned 1 exit status
CMakeFiles/cmTC_46eab.dir/build.make:97: recipe for target 'cmTC_46eab' failed
make[1]: *** [cmTC_46eab] Error 1
make[1]: 离开目录“/home/gyc/catkin_ws_lidar_slam/build_isolated/rplidar_ros/CMakeFiles/CMakeTmp”
Makefile:126: recipe for target 'cmTC_46eab/fast' failed
make: *** [cmTC_46eab/fast] Error 2


