Determining if the pthread_create exist failed with the following output:
Change Dir: /home/gyc/catkin_ws_lidar_slam/build_isolated/joy_to_twist/CMakeFiles/CMakeTmp

Run Build Command:"/usr/bin/make" "cmTC_0d1ad/fast"
/usr/bin/make -f CMakeFiles/cmTC_0d1ad.dir/build.make CMakeFiles/cmTC_0d1ad.dir/build
make[1]: 进入目录“/home/gyc/catkin_ws_lidar_slam/build_isolated/joy_to_twist/CMakeFiles/CMakeTmp”
Building C object CMakeFiles/cmTC_0d1ad.dir/CheckSymbolExists.c.o
/usr/bin/cc    -o CMakeFiles/cmTC_0d1ad.dir/CheckSymbolExists.c.o   -c /home/gyc/catkin_ws_lidar_slam/build_isolated/joy_to_twist/CMakeFiles/CMakeTmp/CheckSymbolExists.c
Linking C executable cmTC_0d1ad
/usr/bin/cmake -E cmake_link_script CMakeFiles/cmTC_0d1ad.dir/link.txt --verbose=1
/usr/bin/cc      -rdynamic CMakeFiles/cmTC_0d1ad.dir/CheckSymbolExists.c.o  -o cmTC_0d1ad 
CMakeFiles/cmTC_0d1ad.dir/CheckSymbolExists.c.o：在函数‘main’中：
CheckSymbolExists.c:(.text+0x1b)：对‘pthread_create’未定义的引用
collect2: error: ld returned 1 exit status
CMakeFiles/cmTC_0d1ad.dir/build.make:97: recipe for target 'cmTC_0d1ad' failed
make[1]: *** [cmTC_0d1ad] Error 1
make[1]: 离开目录“/home/gyc/catkin_ws_lidar_slam/build_isolated/joy_to_twist/CMakeFiles/CMakeTmp”
Makefile:126: recipe for target 'cmTC_0d1ad/fast' failed
make: *** [cmTC_0d1ad/fast] Error 2

File /home/gyc/catkin_ws_lidar_slam/build_isolated/joy_to_twist/CMakeFiles/CMakeTmp/CheckSymbolExists.c:
/* */
#include <pthread.h>

int main(int argc, char** argv)
{
  (void)argv;
#ifndef pthread_create
  return ((int*)(&pthread_create))[argc];
#else
  (void)argc;
  return 0;
#endif
}

Determining if the function pthread_create exists in the pthreads failed with the following output:
Change Dir: /home/gyc/catkin_ws_lidar_slam/build_isolated/joy_to_twist/CMakeFiles/CMakeTmp

Run Build Command:"/usr/bin/make" "cmTC_34dea/fast"
/usr/bin/make -f CMakeFiles/cmTC_34dea.dir/build.make CMakeFiles/cmTC_34dea.dir/build
make[1]: 进入目录“/home/gyc/catkin_ws_lidar_slam/build_isolated/joy_to_twist/CMakeFiles/CMakeTmp”
Building C object CMakeFiles/cmTC_34dea.dir/CheckFunctionExists.c.o
/usr/bin/cc   -DCHECK_FUNCTION_EXISTS=pthread_create   -o CMakeFiles/cmTC_34dea.dir/CheckFunctionExists.c.o   -c /usr/share/cmake-3.10/Modules/CheckFunctionExists.c
Linking C executable cmTC_34dea
/usr/bin/cmake -E cmake_link_script CMakeFiles/cmTC_34dea.dir/link.txt --verbose=1
/usr/bin/cc  -DCHECK_FUNCTION_EXISTS=pthread_create    -rdynamic CMakeFiles/cmTC_34dea.dir/CheckFunctionExists.c.o  -o cmTC_34dea -lpthreads 
/usr/bin/ld: 找不到 -lpthreads
collect2: error: ld returned 1 exit status
CMakeFiles/cmTC_34dea.dir/build.make:97: recipe for target 'cmTC_34dea' failed
make[1]: *** [cmTC_34dea] Error 1
make[1]: 离开目录“/home/gyc/catkin_ws_lidar_slam/build_isolated/joy_to_twist/CMakeFiles/CMakeTmp”
Makefile:126: recipe for target 'cmTC_34dea/fast' failed
make: *** [cmTC_34dea/fast] Error 2


