Determining if the pthread_create exist failed with the following output:
Change Dir: /home/gyc/catkin_ws_lidar_slam/build_isolated/autolabor_box_launch/CMakeFiles/CMakeTmp

Run Build Command:"/usr/bin/make" "cmTC_35427/fast"
/usr/bin/make -f CMakeFiles/cmTC_35427.dir/build.make CMakeFiles/cmTC_35427.dir/build
make[1]: 进入目录“/home/gyc/catkin_ws_lidar_slam/build_isolated/autolabor_box_launch/CMakeFiles/CMakeTmp”
Building C object CMakeFiles/cmTC_35427.dir/CheckSymbolExists.c.o
/usr/bin/cc    -o CMakeFiles/cmTC_35427.dir/CheckSymbolExists.c.o   -c /home/gyc/catkin_ws_lidar_slam/build_isolated/autolabor_box_launch/CMakeFiles/CMakeTmp/CheckSymbolExists.c
Linking C executable cmTC_35427
/usr/bin/cmake -E cmake_link_script CMakeFiles/cmTC_35427.dir/link.txt --verbose=1
/usr/bin/cc      -rdynamic CMakeFiles/cmTC_35427.dir/CheckSymbolExists.c.o  -o cmTC_35427 
CMakeFiles/cmTC_35427.dir/CheckSymbolExists.c.o：在函数‘main’中：
CheckSymbolExists.c:(.text+0x1b)：对‘pthread_create’未定义的引用
collect2: error: ld returned 1 exit status
CMakeFiles/cmTC_35427.dir/build.make:97: recipe for target 'cmTC_35427' failed
make[1]: *** [cmTC_35427] Error 1
make[1]: 离开目录“/home/gyc/catkin_ws_lidar_slam/build_isolated/autolabor_box_launch/CMakeFiles/CMakeTmp”
Makefile:126: recipe for target 'cmTC_35427/fast' failed
make: *** [cmTC_35427/fast] Error 2

File /home/gyc/catkin_ws_lidar_slam/build_isolated/autolabor_box_launch/CMakeFiles/CMakeTmp/CheckSymbolExists.c:
/* */
#include <pthread.h>

int main(int argc, char** argv)
{
  (void)argv;
#ifndef pthread_create
  return ((int*)(&pthread_create))[argc];
#else
  (void)argc;
  return 0;
#endif
}

Determining if the function pthread_create exists in the pthreads failed with the following output:
Change Dir: /home/gyc/catkin_ws_lidar_slam/build_isolated/autolabor_box_launch/CMakeFiles/CMakeTmp

Run Build Command:"/usr/bin/make" "cmTC_7b781/fast"
/usr/bin/make -f CMakeFiles/cmTC_7b781.dir/build.make CMakeFiles/cmTC_7b781.dir/build
make[1]: 进入目录“/home/gyc/catkin_ws_lidar_slam/build_isolated/autolabor_box_launch/CMakeFiles/CMakeTmp”
Building C object CMakeFiles/cmTC_7b781.dir/CheckFunctionExists.c.o
/usr/bin/cc   -DCHECK_FUNCTION_EXISTS=pthread_create   -o CMakeFiles/cmTC_7b781.dir/CheckFunctionExists.c.o   -c /usr/share/cmake-3.10/Modules/CheckFunctionExists.c
Linking C executable cmTC_7b781
/usr/bin/cmake -E cmake_link_script CMakeFiles/cmTC_7b781.dir/link.txt --verbose=1
/usr/bin/cc  -DCHECK_FUNCTION_EXISTS=pthread_create    -rdynamic CMakeFiles/cmTC_7b781.dir/CheckFunctionExists.c.o  -o cmTC_7b781 -lpthreads 
/usr/bin/ld: 找不到 -lpthreads
collect2: error: ld returned 1 exit status
CMakeFiles/cmTC_7b781.dir/build.make:97: recipe for target 'cmTC_7b781' failed
make[1]: *** [cmTC_7b781] Error 1
make[1]: 离开目录“/home/gyc/catkin_ws_lidar_slam/build_isolated/autolabor_box_launch/CMakeFiles/CMakeTmp”
Makefile:126: recipe for target 'cmTC_7b781/fast' failed
make: *** [cmTC_7b781/fast] Error 2


